#
# There is insufficient memory for the Java Runtime Environment to continue.
# Native memory allocation (malloc) failed to allocate 1348656 bytes for Chunk::new
# Possible reasons:
#   The system is out of physical RAM or swap space
#   The process is running with CompressedOops enabled, and the Java Heap may be blocking the growth of the native heap
# Possible solutions:
#   Reduce memory load on the system
#   Increase physical memory or swap space
#   Check if swap backing store is full
#   Decrease Java heap size (-Xmx/-Xms)
#   Decrease number of Java threads
#   Decrease Java thread stack sizes (-Xss)
#   Set larger code cache with -XX:ReservedCodeCacheSize=
#   JVM is running with Unscaled Compressed Oops mode in which the Java heap is
#     placed in the first 4GB address space. The Java Heap base address is the
#     maximum limit for the native heap growth. Please use -XX:HeapBaseMinAddress
#     to set the Java Heap base and to place the Java Heap above 4GB virtual address.
# This output file may be truncated or incomplete.
#
#  Out of Memory Error (./src/hotspot/share/memory/arena.cpp:197), pid=17708, tid=1540
#
# JRE version: OpenJDK Runtime Environment (11.0.13) (build 11.0.13+0-b1751.21-8125866)
# Java VM: OpenJDK 64-Bit Server VM (11.0.13+0-b1751.21-8125866, mixed mode, tiered, compressed oops, g1 gc, windows-amd64)
# No core dump will be written. Minidumps are not enabled by default on client versions of Windows
#

---------------  S U M M A R Y ------------

Command Line: org.jetbrains.kotlin.cli.jvm.K2JVMCompiler @C:\Androids\sol\app\build\20230411_7213774238922976509.compiler.options

Host: Intel(R) Core(TM) i5-4300U CPU @ 1.90GHz, 4 cores, 7G,  Windows 10 , 64 bit Build 18362 (10.0.18362.2274)
Time: Tue Apr 11 17:12:14 2023 W. Central Africa Standard Time elapsed time: 26.680709 seconds (0d 0h 0m 26s)

---------------  T H R E A D  ---------------

Current thread (0x000001adb48ed800):  JavaThread "C2 CompilerThread1" daemon [_thread_in_native, id=1540, stack(0x0000007f49200000,0x0000007f49300000)]


Current CompileTask:
C2:  26680 6598       4       kotlin.collections.CollectionsKt___CollectionsKt::toCollection (49 bytes)

Stack: [0x0000007f49200000,0x0000007f49300000]
Native frames: (J=compiled Java code, j=interpreted, Vv=VM code, C=native code)
V  [jvm.dll+0x6100fa]
V  [jvm.dll+0x747090]
V  [jvm.dll+0x7486ad]
V  [jvm.dll+0x748d83]
V  [jvm.dll+0x24ab48]
V  [jvm.dll+0xc04dc]
V  [jvm.dll+0xc0a0c]
V  [jvm.dll+0x35eb5b]
V  [jvm.dll+0x32b833]
V  [jvm.dll+0x32ad2a]
V  [jvm.dll+0x2032b2]
V  [jvm.dll+0x202437]
V  [jvm.dll+0x188e01]
V  [jvm.dll+0x21106b]
V  [jvm.dll+0x20f8c1]
V  [jvm.dll+0x70de0f]
V  [jvm.dll+0x706a75]
V  [jvm.dll+0x60ed66]
C  [ucrtbase.dll+0x210b2]
C  [KERNEL32.DLL+0x17c24]
C  [ntdll.dll+0x6d721]


---------------  P R O C E S S  ---------------

Threads class SMR info:
_java_thread_list=0x000001adb01af6c0, length=11, elements={
0x000001ad953dc800, 0x000001adaef27800, 0x000001adaef28800, 0x000001adaef46800,
0x000001adaef49000, 0x000001adaef4a000, 0x000001adaef4d000, 0x000001adaef4f000,
0x000001adaf90c000, 0x000001adaf9f0800, 0x000001adb48ed800
}

Java Threads: ( => current thread )
  0x000001ad953dc800 JavaThread "main" [_thread_in_vm, id=17684, stack(0x0000007f47f00000,0x0000007f48000000)]
  0x000001adaef27800 JavaThread "Reference Handler" daemon [_thread_blocked, id=17632, stack(0x0000007f48600000,0x0000007f48700000)]
  0x000001adaef28800 JavaThread "Finalizer" daemon [_thread_blocked, id=17648, stack(0x0000007f48700000,0x0000007f48800000)]
  0x000001adaef46800 JavaThread "Signal Dispatcher" daemon [_thread_blocked, id=16108, stack(0x0000007f48800000,0x0000007f48900000)]
  0x000001adaef49000 JavaThread "Attach Listener" daemon [_thread_blocked, id=13212, stack(0x0000007f48900000,0x0000007f48a00000)]
  0x000001adaef4a000 JavaThread "Service Thread" daemon [_thread_blocked, id=17796, stack(0x0000007f48a00000,0x0000007f48b00000)]
  0x000001adaef4d000 JavaThread "C2 CompilerThread0" daemon [_thread_in_native, id=13508, stack(0x0000007f48b00000,0x0000007f48c00000)]
  0x000001adaef4f000 JavaThread "C1 CompilerThread0" daemon [_thread_blocked, id=9404, stack(0x0000007f48c00000,0x0000007f48d00000)]
  0x000001adaf90c000 JavaThread "Sweeper thread" daemon [_thread_blocked, id=3068, stack(0x0000007f48d00000,0x0000007f48e00000)]
  0x000001adaf9f0800 JavaThread "Common-Cleaner" daemon [_thread_blocked, id=17616, stack(0x0000007f48f00000,0x0000007f49000000)]
=>0x000001adb48ed800 JavaThread "C2 CompilerThread1" daemon [_thread_in_native, id=1540, stack(0x0000007f49200000,0x0000007f49300000)]

Other Threads:
  0x000001adaef01800 VMThread "VM Thread" [stack: 0x0000007f48500000,0x0000007f48600000] [id=17640]
  0x000001adaf9e8800 WatcherThread [stack: 0x0000007f48e00000,0x0000007f48f00000] [id=14200]
  0x000001ad953f6000 GCTaskThread "GC Thread#0" [stack: 0x0000007f48000000,0x0000007f48100000] [id=17700]
  0x000001adafde2800 GCTaskThread "GC Thread#1" [stack: 0x0000007f49000000,0x0000007f49100000] [id=14720]
  0x000001adafde3000 GCTaskThread "GC Thread#2" [stack: 0x0000007f49100000,0x0000007f49200000] [id=120]
  0x000001ad95425000 ConcurrentGCThread "G1 Main Marker" [stack: 0x0000007f48100000,0x0000007f48200000] [id=17660]
  0x000001ad95426800 ConcurrentGCThread "G1 Conc#0" [stack: 0x0000007f48200000,0x0000007f48300000] [id=17656]
  0x000001adaed70800 ConcurrentGCThread "G1 Refine#0" [stack: 0x0000007f48300000,0x0000007f48400000] [id=17560]
  0x000001ad954a9800 ConcurrentGCThread "G1 Young RemSet Sampling" [stack: 0x0000007f48400000,0x0000007f48500000] [id=17812]

Threads with active compile tasks:
C2 CompilerThread0  26747 6484       4       org.jetbrains.kotlin.cli.jvm.index.JvmDependenciesIndexImpl::search (379 bytes)
C2 CompilerThread1  26747 6598       4       kotlin.collections.CollectionsKt___CollectionsKt::toCollection (49 bytes)

VM state:not at safepoint (normal execution)

VM Mutex/Monitor currently owned by a thread: None

Heap address: 0x0000000081800000, size: 2024 MB, Compressed Oops mode: 32-bit
Narrow klass base: 0x0000000000000000, Narrow klass shift: 3
Compressed class space size: 1073741824 Address: 0x0000000100000000

Heap:
 garbage-first heap   total 169984K, used 67587K [0x0000000081800000, 0x0000000100000000)
  region size 1024K, 28 young (28672K), 8 survivors (8192K)
 Metaspace       used 58964K, capacity 59693K, committed 59856K, reserved 1101824K
  class space    used 6692K, capacity 6996K, committed 7040K, reserved 1048576K
Heap Regions: E=young(eden), S=young(survivor), O=old, HS=humongous(starts), HC=humongous(continues), CS=collection set, F=free, A=archive, TAMS=top-at-mark-start (previous, next)
|   0|0x0000000081800000, 0x0000000081900000, 0x0000000081900000|100%|HS|  |TAMS 0x0000000081900000, 0x0000000081800000| Complete 
|   1|0x0000000081900000, 0x0000000081a00000, 0x0000000081a00000|100%|HC|  |TAMS 0x0000000081a00000, 0x0000000081900000| Complete 
|   2|0x0000000081a00000, 0x0000000081b00000, 0x0000000081b00000|100%|HC|  |TAMS 0x0000000081b00000, 0x0000000081a00000| Complete 
|   3|0x0000000081b00000, 0x0000000081c00000, 0x0000000081c00000|100%|HC|  |TAMS 0x0000000081c00000, 0x0000000081b00000| Complete 
|   4|0x0000000081c00000, 0x0000000081d00000, 0x0000000081d00000|100%| O|  |TAMS 0x0000000081d00000, 0x0000000081c00000| Untracked 
|   5|0x0000000081d00000, 0x0000000081e00000, 0x0000000081e00000|100%| O|  |TAMS 0x0000000081e00000, 0x0000000081d00000| Untracked 
|   6|0x0000000081e00000, 0x0000000081f00000, 0x0000000081f00000|100%|HS|  |TAMS 0x0000000081f00000, 0x0000000081e00000| Complete 
|   7|0x0000000081f00000, 0x0000000082000000, 0x0000000082000000|100%|HC|  |TAMS 0x0000000082000000, 0x0000000081f00000| Complete 
|   8|0x0000000082000000, 0x0000000082100000, 0x0000000082100000|100%|HC|  |TAMS 0x0000000082100000, 0x0000000082000000| Complete 
|   9|0x0000000082100000, 0x0000000082200000, 0x0000000082200000|100%|HC|  |TAMS 0x0000000082200000, 0x0000000082100000| Complete 
|  10|0x0000000082200000, 0x0000000082300000, 0x0000000082300000|100%|HS|  |TAMS 0x0000000082200000, 0x0000000082200000| Complete 
|  11|0x0000000082300000, 0x0000000082400000, 0x0000000082400000|100%|HC|  |TAMS 0x0000000082300000, 0x0000000082300000| Complete 
|  12|0x0000000082400000, 0x0000000082500000, 0x0000000082500000|100%| O|  |TAMS 0x0000000082500000, 0x0000000082400000| Untracked 
|  13|0x0000000082500000, 0x0000000082600000, 0x0000000082600000|100%| O|  |TAMS 0x0000000082600000, 0x0000000082500000| Untracked 
|  14|0x0000000082600000, 0x0000000082700000, 0x0000000082700000|100%| O|  |TAMS 0x0000000082700000, 0x0000000082600000| Untracked 
|  15|0x0000000082700000, 0x0000000082800000, 0x0000000082800000|100%| O|  |TAMS 0x0000000082800000, 0x0000000082700000| Untracked 
|  16|0x0000000082800000, 0x0000000082900000, 0x0000000082900000|100%| O|  |TAMS 0x0000000082900000, 0x0000000082800000| Untracked 
|  17|0x0000000082900000, 0x0000000082a00000, 0x0000000082a00000|100%| O|  |TAMS 0x0000000082a00000, 0x0000000082900000| Untracked 
|  18|0x0000000082a00000, 0x0000000082b00000, 0x0000000082b00000|100%| O|  |TAMS 0x0000000082b00000, 0x0000000082a00000| Untracked 
|  19|0x0000000082b00000, 0x0000000082c00000, 0x0000000082c00000|100%| O|  |TAMS 0x0000000082c00000, 0x0000000082b00000| Untracked 
|  20|0x0000000082c00000, 0x0000000082d00000, 0x0000000082d00000|100%| O|  |TAMS 0x0000000082d00000, 0x0000000082c00000| Untracked 
|  21|0x0000000082d00000, 0x0000000082e00000, 0x0000000082e00000|100%| O|  |TAMS 0x0000000082e00000, 0x0000000082d00000| Untracked 
|  22|0x0000000082e00000, 0x0000000082f00000, 0x0000000082f00000|100%| O|  |TAMS 0x0000000082ef0600, 0x0000000082e00000| Untracked 
|  23|0x0000000082f00000, 0x0000000083000000, 0x0000000083000000|100%| O|  |TAMS 0x0000000082f00000, 0x0000000082f00000| Untracked 
|  24|0x0000000083000000, 0x0000000083100000, 0x0000000083100000|100%| O|  |TAMS 0x0000000083000000, 0x0000000083000000| Untracked 
|  25|0x0000000083100000, 0x0000000083200000, 0x0000000083200000|100%| O|  |TAMS 0x0000000083100000, 0x0000000083100000| Untracked 
|  26|0x0000000083200000, 0x0000000083300000, 0x0000000083300000|100%| O|  |TAMS 0x0000000083200000, 0x0000000083200000| Untracked 
|  27|0x0000000083300000, 0x0000000083400000, 0x0000000083400000|100%| O|  |TAMS 0x0000000083300000, 0x0000000083300000| Untracked 
|  28|0x0000000083400000, 0x0000000083500000, 0x0000000083500000|100%| O|  |TAMS 0x0000000083400000, 0x0000000083400000| Untracked 
|  29|0x0000000083500000, 0x0000000083600000, 0x0000000083600000|100%| O|  |TAMS 0x0000000083500000, 0x0000000083500000| Untracked 
|  30|0x0000000083600000, 0x0000000083700000, 0x0000000083700000|100%| O|  |TAMS 0x0000000083600000, 0x0000000083600000| Untracked 
|  31|0x0000000083700000, 0x0000000083700000, 0x0000000083800000|  0%| F|  |TAMS 0x0000000083700000, 0x0000000083700000| Untracked 
|  32|0x0000000083800000, 0x0000000083900000, 0x0000000083900000|100%| O|  |TAMS 0x0000000083800000, 0x0000000083800000| Untracked 
|  33|0x0000000083900000, 0x0000000083a00000, 0x0000000083a00000|100%| O|  |TAMS 0x0000000083900000, 0x0000000083900000| Untracked 
|  34|0x0000000083a00000, 0x0000000083b00000, 0x0000000083b00000|100%| O|  |TAMS 0x0000000083a00000, 0x0000000083a00000| Untracked 
|  35|0x0000000083b00000, 0x0000000083c00000, 0x0000000083c00000|100%| O|  |TAMS 0x0000000083b00000, 0x0000000083b00000| Untracked 
|  36|0x0000000083c00000, 0x0000000083d00000, 0x0000000083d00000|100%| O|  |TAMS 0x0000000083c00000, 0x0000000083c00000| Untracked 
|  37|0x0000000083d00000, 0x0000000083e00000, 0x0000000083e00000|100%| O|  |TAMS 0x0000000083d00000, 0x0000000083d00000| Untracked 
|  38|0x0000000083e00000, 0x0000000083f00000, 0x0000000083f00000|100%| O|  |TAMS 0x0000000083e00000, 0x0000000083e00000| Untracked 
|  39|0x0000000083f00000, 0x0000000084000000, 0x0000000084000000|100%| O|  |TAMS 0x0000000083f00000, 0x0000000083f00000| Untracked 
|  40|0x0000000084000000, 0x0000000084080e00, 0x0000000084100000| 50%| O|  |TAMS 0x0000000084000000, 0x0000000084000000| Untracked 
|  41|0x0000000084100000, 0x0000000084100000, 0x0000000084200000|  0%| F|  |TAMS 0x0000000084100000, 0x0000000084100000| Untracked 
|  42|0x0000000084200000, 0x0000000084200000, 0x0000000084300000|  0%| F|  |TAMS 0x0000000084200000, 0x0000000084200000| Untracked 
|  43|0x0000000084300000, 0x0000000084300000, 0x0000000084400000|  0%| F|  |TAMS 0x0000000084300000, 0x0000000084300000| Untracked 
|  44|0x0000000084400000, 0x0000000084400000, 0x0000000084500000|  0%| F|  |TAMS 0x0000000084400000, 0x0000000084400000| Untracked 
|  45|0x0000000084500000, 0x0000000084500000, 0x0000000084600000|  0%| F|  |TAMS 0x0000000084500000, 0x0000000084500000| Untracked 
|  46|0x0000000084600000, 0x0000000084600000, 0x0000000084700000|  0%| F|  |TAMS 0x0000000084600000, 0x0000000084600000| Untracked 
|  47|0x0000000084700000, 0x0000000084700000, 0x0000000084800000|  0%| F|  |TAMS 0x0000000084700000, 0x0000000084700000| Untracked 
|  48|0x0000000084800000, 0x0000000084800000, 0x0000000084900000|  0%| F|  |TAMS 0x0000000084800000, 0x0000000084800000| Untracked 
|  49|0x0000000084900000, 0x0000000084900000, 0x0000000084a00000|  0%| F|  |TAMS 0x0000000084900000, 0x0000000084900000| Untracked 
|  50|0x0000000084a00000, 0x0000000084a00000, 0x0000000084b00000|  0%| F|  |TAMS 0x0000000084a00000, 0x0000000084a00000| Untracked 
|  51|0x0000000084b00000, 0x0000000084b00000, 0x0000000084c00000|  0%| F|  |TAMS 0x0000000084b00000, 0x0000000084b00000| Untracked 
|  52|0x0000000084c00000, 0x0000000084c00000, 0x0000000084d00000|  0%| F|  |TAMS 0x0000000084c00000, 0x0000000084c00000| Untracked 
|  53|0x0000000084d00000, 0x0000000084d00000, 0x0000000084e00000|  0%| F|  |TAMS 0x0000000084d00000, 0x0000000084d00000| Untracked 
|  54|0x0000000084e00000, 0x0000000084e00000, 0x0000000084f00000|  0%| F|  |TAMS 0x0000000084e00000, 0x0000000084e00000| Untracked 
|  55|0x0000000084f00000, 0x0000000084f00000, 0x0000000085000000|  0%| F|  |TAMS 0x0000000084f00000, 0x0000000084f00000| Untracked 
|  56|0x0000000085000000, 0x0000000085000000, 0x0000000085100000|  0%| F|  |TAMS 0x0000000085000000, 0x0000000085000000| Untracked 
|  57|0x0000000085100000, 0x0000000085100000, 0x0000000085200000|  0%| F|  |TAMS 0x0000000085100000, 0x0000000085100000| Untracked 
|  58|0x0000000085200000, 0x0000000085200000, 0x0000000085300000|  0%| F|  |TAMS 0x0000000085200000, 0x0000000085200000| Untracked 
|  59|0x0000000085300000, 0x0000000085300000, 0x0000000085400000|  0%| F|  |TAMS 0x0000000085300000, 0x0000000085300000| Untracked 
|  60|0x0000000085400000, 0x0000000085400000, 0x0000000085500000|  0%| F|  |TAMS 0x0000000085400000, 0x0000000085400000| Untracked 
|  61|0x0000000085500000, 0x0000000085500000, 0x0000000085600000|  0%| F|  |TAMS 0x0000000085500000, 0x0000000085500000| Untracked 
|  62|0x0000000085600000, 0x0000000085600000, 0x0000000085700000|  0%| F|  |TAMS 0x0000000085600000, 0x0000000085600000| Untracked 
|  63|0x0000000085700000, 0x0000000085700000, 0x0000000085800000|  0%| F|  |TAMS 0x0000000085700000, 0x0000000085700000| Untracked 
|  64|0x0000000085800000, 0x0000000085800000, 0x0000000085900000|  0%| F|  |TAMS 0x0000000085800000, 0x0000000085800000| Untracked 
|  65|0x0000000085900000, 0x0000000085900000, 0x0000000085a00000|  0%| F|  |TAMS 0x0000000085900000, 0x0000000085900000| Untracked 
|  66|0x0000000085a00000, 0x0000000085a00000, 0x0000000085b00000|  0%| F|  |TAMS 0x0000000085a00000, 0x0000000085a00000| Untracked 
|  67|0x0000000085b00000, 0x0000000085b00000, 0x0000000085c00000|  0%| F|  |TAMS 0x0000000085b00000, 0x0000000085b00000| Untracked 
|  68|0x0000000085c00000, 0x0000000085c00000, 0x0000000085d00000|  0%| F|  |TAMS 0x0000000085c00000, 0x0000000085c00000| Untracked 
|  69|0x0000000085d00000, 0x0000000085d00000, 0x0000000085e00000|  0%| F|  |TAMS 0x0000000085d00000, 0x0000000085d00000| Untracked 
|  70|0x0000000085e00000, 0x0000000085e00000, 0x0000000085f00000|  0%| F|  |TAMS 0x0000000085e00000, 0x0000000085e00000| Untracked 
|  71|0x0000000085f00000, 0x0000000085f00000, 0x0000000086000000|  0%| F|  |TAMS 0x0000000085f00000, 0x0000000085f00000| Untracked 
|  72|0x0000000086000000, 0x0000000086000000, 0x0000000086100000|  0%| F|  |TAMS 0x0000000086000000, 0x0000000086000000| Untracked 
|  73|0x0000000086100000, 0x0000000086100000, 0x0000000086200000|  0%| F|  |TAMS 0x0000000086100000, 0x0000000086100000| Untracked 
|  74|0x0000000086200000, 0x0000000086200000, 0x0000000086300000|  0%| F|  |TAMS 0x0000000086200000, 0x0000000086200000| Untracked 
|  75|0x0000000086300000, 0x0000000086300000, 0x0000000086400000|  0%| F|  |TAMS 0x0000000086300000, 0x0000000086300000| Untracked 
|  76|0x0000000086400000, 0x0000000086400000, 0x0000000086500000|  0%| F|  |TAMS 0x0000000086400000, 0x0000000086400000| Untracked 
|  77|0x0000000086500000, 0x0000000086500000, 0x0000000086600000|  0%| F|  |TAMS 0x0000000086500000, 0x0000000086500000| Untracked 
|  78|0x0000000086600000, 0x0000000086680000, 0x0000000086700000| 50%| S|CS|TAMS 0x0000000086600000, 0x0000000086600000| Complete 
|  79|0x0000000086700000, 0x0000000086800000, 0x0000000086800000|100%| S|CS|TAMS 0x0000000086700000, 0x0000000086700000| Complete 
|  80|0x0000000086800000, 0x0000000086900000, 0x0000000086900000|100%| S|CS|TAMS 0x0000000086800000, 0x0000000086800000| Complete 
|  81|0x0000000086900000, 0x0000000086a00000, 0x0000000086a00000|100%| S|CS|TAMS 0x0000000086900000, 0x0000000086900000| Complete 
|  82|0x0000000086a00000, 0x0000000086b00000, 0x0000000086b00000|100%| S|CS|TAMS 0x0000000086a00000, 0x0000000086a00000| Complete 
|  83|0x0000000086b00000, 0x0000000086c00000, 0x0000000086c00000|100%| S|CS|TAMS 0x0000000086b00000, 0x0000000086b00000| Complete 
|  84|0x0000000086c00000, 0x0000000086d00000, 0x0000000086d00000|100%| S|CS|TAMS 0x0000000086c00000, 0x0000000086c00000| Complete 
|  85|0x0000000086d00000, 0x0000000086e00000, 0x0000000086e00000|100%| S|CS|TAMS 0x0000000086d00000, 0x0000000086d00000| Complete 
|  86|0x0000000086e00000, 0x0000000086e00000, 0x0000000086f00000|  0%| F|  |TAMS 0x0000000086e00000, 0x0000000086e00000| Untracked 
|  87|0x0000000086f00000, 0x0000000086f00000, 0x0000000087000000|  0%| F|  |TAMS 0x0000000086f00000, 0x0000000086f00000| Untracked 
|  88|0x0000000087000000, 0x0000000087000000, 0x0000000087100000|  0%| F|  |TAMS 0x0000000087000000, 0x0000000087000000| Untracked 
|  89|0x0000000087100000, 0x0000000087100000, 0x0000000087200000|  0%| F|  |TAMS 0x0000000087100000, 0x0000000087100000| Untracked 
|  90|0x0000000087200000, 0x0000000087200000, 0x0000000087300000|  0%| F|  |TAMS 0x0000000087200000, 0x0000000087200000| Untracked 
|  91|0x0000000087300000, 0x0000000087300000, 0x0000000087400000|  0%| F|  |TAMS 0x0000000087300000, 0x0000000087300000| Untracked 
|  92|0x0000000087400000, 0x0000000087400000, 0x0000000087500000|  0%| F|  |TAMS 0x0000000087400000, 0x0000000087400000| Untracked 
|  93|0x0000000087500000, 0x0000000087500000, 0x0000000087600000|  0%| F|  |TAMS 0x0000000087500000, 0x0000000087500000| Untracked 
|  94|0x0000000087600000, 0x0000000087600000, 0x0000000087700000|  0%| F|  |TAMS 0x0000000087600000, 0x0000000087600000| Untracked 
|  95|0x0000000087700000, 0x0000000087700000, 0x0000000087800000|  0%| F|  |TAMS 0x0000000087700000, 0x0000000087700000| Untracked 
|  96|0x0000000087800000, 0x0000000087800000, 0x0000000087900000|  0%| F|  |TAMS 0x0000000087800000, 0x0000000087800000| Untracked 
|  97|0x0000000087900000, 0x0000000087900000, 0x0000000087a00000|  0%| F|  |TAMS 0x0000000087900000, 0x0000000087900000| Untracked 
|  98|0x0000000087a00000, 0x0000000087a00000, 0x0000000087b00000|  0%| F|  |TAMS 0x0000000087a00000, 0x0000000087a00000| Untracked 
|  99|0x0000000087b00000, 0x0000000087b00000, 0x0000000087c00000|  0%| F|  |TAMS 0x0000000087b00000, 0x0000000087b00000| Untracked 
| 100|0x0000000087c00000, 0x0000000087c00000, 0x0000000087d00000|  0%| F|  |TAMS 0x0000000087c00000, 0x0000000087c00000| Untracked 
| 101|0x0000000087d00000, 0x0000000087d00000, 0x0000000087e00000|  0%| F|  |TAMS 0x0000000087d00000, 0x0000000087d00000| Untracked 
| 102|0x0000000087e00000, 0x0000000087e00000, 0x0000000087f00000|  0%| F|  |TAMS 0x0000000087e00000, 0x0000000087e00000| Untracked 
| 103|0x0000000087f00000, 0x0000000087f00000, 0x0000000088000000|  0%| F|  |TAMS 0x0000000087f00000, 0x0000000087f00000| Untracked 
| 104|0x0000000088000000, 0x0000000088000000, 0x0000000088100000|  0%| F|  |TAMS 0x0000000088000000, 0x0000000088000000| Untracked 
| 105|0x0000000088100000, 0x0000000088100000, 0x0000000088200000|  0%| F|  |TAMS 0x0000000088100000, 0x0000000088100000| Untracked 
| 106|0x0000000088200000, 0x0000000088200000, 0x0000000088300000|  0%| F|  |TAMS 0x0000000088200000, 0x0000000088200000| Untracked 
| 107|0x0000000088300000, 0x0000000088300000, 0x0000000088400000|  0%| F|  |TAMS 0x0000000088300000, 0x0000000088300000| Untracked 
| 108|0x0000000088400000, 0x0000000088400000, 0x0000000088500000|  0%| F|  |TAMS 0x0000000088400000, 0x0000000088400000| Untracked 
| 109|0x0000000088500000, 0x0000000088500000, 0x0000000088600000|  0%| F|  |TAMS 0x0000000088500000, 0x0000000088500000| Untracked 
| 110|0x0000000088600000, 0x0000000088600000, 0x0000000088700000|  0%| F|  |TAMS 0x0000000088600000, 0x0000000088600000| Untracked 
| 111|0x0000000088700000, 0x0000000088700000, 0x0000000088800000|  0%| F|  |TAMS 0x0000000088700000, 0x0000000088700000| Untracked 
| 112|0x0000000088800000, 0x0000000088800000, 0x0000000088900000|  0%| F|  |TAMS 0x0000000088800000, 0x0000000088800000| Untracked 
| 113|0x0000000088900000, 0x0000000088900000, 0x0000000088a00000|  0%| F|  |TAMS 0x0000000088900000, 0x0000000088900000| Untracked 
| 114|0x0000000088a00000, 0x0000000088a00000, 0x0000000088b00000|  0%| F|  |TAMS 0x0000000088a00000, 0x0000000088a00000| Untracked 
| 115|0x0000000088b00000, 0x0000000088b00000, 0x0000000088c00000|  0%| F|  |TAMS 0x0000000088b00000, 0x0000000088b00000| Untracked 
| 116|0x0000000088c00000, 0x0000000088c00000, 0x0000000088d00000|  0%| F|  |TAMS 0x0000000088c00000, 0x0000000088c00000| Untracked 
| 117|0x0000000088d00000, 0x0000000088d00000, 0x0000000088e00000|  0%| F|  |TAMS 0x0000000088d00000, 0x0000000088d00000| Untracked 
| 118|0x0000000088e00000, 0x0000000088e00000, 0x0000000088f00000|  0%| F|  |TAMS 0x0000000088e00000, 0x0000000088e00000| Untracked 
| 119|0x0000000088f00000, 0x0000000088f00000, 0x0000000089000000|  0%| F|  |TAMS 0x0000000088f00000, 0x0000000088f00000| Untracked 
| 120|0x0000000089000000, 0x0000000089000000, 0x0000000089100000|  0%| F|  |TAMS 0x0000000089000000, 0x0000000089000000| Untracked 
| 121|0x0000000089100000, 0x0000000089100000, 0x0000000089200000|  0%| F|  |TAMS 0x0000000089100000, 0x0000000089100000| Untracked 
| 122|0x0000000089200000, 0x0000000089200000, 0x0000000089300000|  0%| F|  |TAMS 0x0000000089200000, 0x0000000089200000| Untracked 
| 123|0x0000000089300000, 0x0000000089300000, 0x0000000089400000|  0%| F|  |TAMS 0x0000000089300000, 0x0000000089300000| Untracked 
| 124|0x0000000089400000, 0x0000000089400000, 0x0000000089500000|  0%| F|  |TAMS 0x0000000089400000, 0x0000000089400000| Untracked 
| 125|0x0000000089500000, 0x0000000089500000, 0x0000000089600000|  0%| F|  |TAMS 0x0000000089500000, 0x0000000089500000| Untracked 
| 126|0x0000000089600000, 0x0000000089600000, 0x0000000089700000|  0%| F|  |TAMS 0x0000000089600000, 0x0000000089600000| Untracked 
| 127|0x0000000089700000, 0x0000000089700000, 0x0000000089800000|  0%| F|  |TAMS 0x0000000089700000, 0x0000000089700000| Untracked 
| 128|0x0000000089800000, 0x0000000089800000, 0x0000000089900000|  0%| F|  |TAMS 0x0000000089800000, 0x0000000089800000| Untracked 
| 129|0x0000000089900000, 0x0000000089900000, 0x0000000089a00000|  0%| F|  |TAMS 0x0000000089900000, 0x0000000089900000| Untracked 
| 130|0x0000000089a00000, 0x0000000089a00000, 0x0000000089b00000|  0%| F|  |TAMS 0x0000000089a00000, 0x0000000089a00000| Untracked 
| 131|0x0000000089b00000, 0x0000000089b00000, 0x0000000089c00000|  0%| F|  |TAMS 0x0000000089b00000, 0x0000000089b00000| Untracked 
| 132|0x0000000089c00000, 0x0000000089c00000, 0x0000000089d00000|  0%| F|  |TAMS 0x0000000089c00000, 0x0000000089c00000| Untracked 
| 133|0x0000000089d00000, 0x0000000089d00000, 0x0000000089e00000|  0%| F|  |TAMS 0x0000000089d00000, 0x0000000089d00000| Untracked 
| 134|0x0000000089e00000, 0x0000000089e00000, 0x0000000089f00000|  0%| F|  |TAMS 0x0000000089e00000, 0x0000000089e00000| Untracked 
| 135|0x0000000089f00000, 0x0000000089f00000, 0x000000008a000000|  0%| F|  |TAMS 0x0000000089f00000, 0x0000000089f00000| Untracked 
| 136|0x000000008a000000, 0x000000008a000000, 0x000000008a100000|  0%| F|  |TAMS 0x000000008a000000, 0x000000008a000000| Untracked 
| 137|0x000000008a100000, 0x000000008a100000, 0x000000008a200000|  0%| F|  |TAMS 0x000000008a100000, 0x000000008a100000| Untracked 
| 138|0x000000008a200000, 0x000000008a200000, 0x000000008a300000|  0%| F|  |TAMS 0x000000008a200000, 0x000000008a200000| Untracked 
| 139|0x000000008a300000, 0x000000008a300000, 0x000000008a400000|  0%| F|  |TAMS 0x000000008a300000, 0x000000008a300000| Untracked 
| 140|0x000000008a400000, 0x000000008a400000, 0x000000008a500000|  0%| F|  |TAMS 0x000000008a400000, 0x000000008a400000| Untracked 
| 141|0x000000008a500000, 0x000000008a500000, 0x000000008a600000|  0%| F|  |TAMS 0x000000008a500000, 0x000000008a500000| Untracked 
| 142|0x000000008a600000, 0x000000008a600000, 0x000000008a700000|  0%| F|  |TAMS 0x000000008a600000, 0x000000008a600000| Untracked 
| 143|0x000000008a700000, 0x000000008a700000, 0x000000008a800000|  0%| F|  |TAMS 0x000000008a700000, 0x000000008a700000| Untracked 
| 144|0x000000008a800000, 0x000000008a800000, 0x000000008a900000|  0%| F|  |TAMS 0x000000008a800000, 0x000000008a800000| Untracked 
| 145|0x000000008a900000, 0x000000008a900000, 0x000000008aa00000|  0%| F|  |TAMS 0x000000008a900000, 0x000000008a900000| Untracked 
| 146|0x000000008aa00000, 0x000000008aa81a40, 0x000000008ab00000| 50%| E|  |TAMS 0x000000008aa00000, 0x000000008aa00000| Complete 
| 147|0x000000008ab00000, 0x000000008ac00000, 0x000000008ac00000|100%| E|CS|TAMS 0x000000008ab00000, 0x000000008ab00000| Complete 
| 148|0x000000008ac00000, 0x000000008ad00000, 0x000000008ad00000|100%| E|CS|TAMS 0x000000008ac00000, 0x000000008ac00000| Complete 
| 149|0x000000008ad00000, 0x000000008ae00000, 0x000000008ae00000|100%| E|CS|TAMS 0x000000008ad00000, 0x000000008ad00000| Complete 
| 150|0x000000008ae00000, 0x000000008af00000, 0x000000008af00000|100%| E|CS|TAMS 0x000000008ae00000, 0x000000008ae00000| Complete 
| 151|0x000000008af00000, 0x000000008b000000, 0x000000008b000000|100%| E|CS|TAMS 0x000000008af00000, 0x000000008af00000| Complete 
| 152|0x000000008b000000, 0x000000008b100000, 0x000000008b100000|100%| E|CS|TAMS 0x000000008b000000, 0x000000008b000000| Complete 
| 153|0x000000008b100000, 0x000000008b200000, 0x000000008b200000|100%| E|CS|TAMS 0x000000008b100000, 0x000000008b100000| Complete 
| 154|0x000000008b200000, 0x000000008b300000, 0x000000008b300000|100%| E|CS|TAMS 0x000000008b200000, 0x000000008b200000| Complete 
| 155|0x000000008b300000, 0x000000008b400000, 0x000000008b400000|100%| E|CS|TAMS 0x000000008b300000, 0x000000008b300000| Complete 
| 156|0x000000008b400000, 0x000000008b500000, 0x000000008b500000|100%| E|CS|TAMS 0x000000008b400000, 0x000000008b400000| Complete 
| 157|0x000000008b500000, 0x000000008b600000, 0x000000008b600000|100%| E|CS|TAMS 0x000000008b500000, 0x000000008b500000| Complete 
| 158|0x000000008b600000, 0x000000008b700000, 0x000000008b700000|100%| E|CS|TAMS 0x000000008b600000, 0x000000008b600000| Complete 
| 159|0x000000008b700000, 0x000000008b800000, 0x000000008b800000|100%| E|CS|TAMS 0x000000008b700000, 0x000000008b700000| Complete 
| 160|0x000000008b800000, 0x000000008b900000, 0x000000008b900000|100%| E|CS|TAMS 0x000000008b800000, 0x000000008b800000| Complete 
| 161|0x000000008b900000, 0x000000008ba00000, 0x000000008ba00000|100%| E|CS|TAMS 0x000000008b900000, 0x000000008b900000| Complete 
| 162|0x000000008ba00000, 0x000000008bb00000, 0x000000008bb00000|100%| E|CS|TAMS 0x000000008ba00000, 0x000000008ba00000| Complete 
| 163|0x000000008bb00000, 0x000000008bc00000, 0x000000008bc00000|100%| E|CS|TAMS 0x000000008bb00000, 0x000000008bb00000| Complete 
| 164|0x000000008bc00000, 0x000000008bd00000, 0x000000008bd00000|100%| E|CS|TAMS 0x000000008bc00000, 0x000000008bc00000| Complete 
| 165|0x000000008bd00000, 0x000000008be00000, 0x000000008be00000|100%| E|CS|TAMS 0x000000008bd00000, 0x000000008bd00000| Complete 

Card table byte_map: [0x000001ada82f0000,0x000001ada86f0000] _byte_map_base: 0x000001ada7ee4000

Marking Bits (Prev, Next): (CMBitMap*) 0x000001ad9541c630, (CMBitMap*) 0x000001ad9541c5f8
 Prev Bits: [0x000001adaaa90000, 0x000001adaca30000)
 Next Bits: [0x000001ada8af0000, 0x000001adaaa90000)

Polling page: 0x000001ad93350000

Metaspace:

Usage:
  Non-class:     51.52 MB capacity,    51.07 MB (>99%) used,   370.09 KB ( <1%) free+waste,    94.19 KB ( <1%) overhead. 
      Class:      6.83 MB capacity,     6.54 MB ( 96%) used,   258.88 KB (  4%) free+waste,    42.00 KB ( <1%) overhead. 
       Both:     58.36 MB capacity,    57.61 MB ( 99%) used,   628.98 KB (  1%) free+waste,   136.19 KB ( <1%) overhead. 

Virtual space:
  Non-class space:       52.00 MB reserved,      51.58 MB (>99%) committed 
      Class space:        1.00 GB reserved,       6.88 MB ( <1%) committed 
             Both:        1.05 GB reserved,      58.45 MB (  5%) committed 

Chunk freelists:
   Non-Class:  55.00 KB
       Class:  12.00 KB
        Both:  67.00 KB

MaxMetaspaceSize: 17179869184.00 GB
CompressedClassSpaceSize: 1.00 GB
Initial GC threshold: 20.80 MB
Current GC threshold: 76.80 MB
CDS: off

CodeHeap 'non-profiled nmethods': size=120064Kb used=3347Kb max_used=3347Kb free=116716Kb
 bounds [0x000001ada09b0000, 0x000001ada0d00000, 0x000001ada7ef0000]
CodeHeap 'profiled nmethods': size=120000Kb used=16804Kb max_used=16804Kb free=103195Kb
 bounds [0x000001ad99480000, 0x000001ad9a4f0000, 0x000001ada09b0000]
CodeHeap 'non-nmethods': size=5696Kb used=1297Kb max_used=1361Kb free=4398Kb
 bounds [0x000001ad98ef0000, 0x000001ad99160000, 0x000001ad99480000]
 total_blobs=7232 nmethods=6645 adapters=497
 compilation: enabled
              stopped_count=0, restarted_count=0
 full_count=0

Compilation events (20 events):
Event: 26.621 Thread 0x000001adaef4f000 nmethod 6698 0x000001ada0cf3690 code [0x000001ada0cf3840, 0x000001ada0cf38f8]
Event: 26.622 Thread 0x000001adaef4f000 6699       1       org.jetbrains.kotlin.resolve.calls.model.MutableResolvedCallAtom::getAtom (5 bytes)
Event: 26.622 Thread 0x000001adaef4f000 nmethod 6699 0x000001ada0cf3990 code [0x000001ada0cf3b40, 0x000001ada0cf3bf8]
Event: 26.628 Thread 0x000001adaef4f000 6700       3       kotlin.text.StringsKt__StringsKt::indexOf$default (26 bytes)
Event: 26.628 Thread 0x000001adaef4f000 nmethod 6700 0x000001ad9a4cc810 code [0x000001ad9a4cc9c0, 0x000001ad9a4ccb48]
Event: 26.653 Thread 0x000001adaef4f000 6702       1       org.jetbrains.kotlin.resolve.calls.tower.PSIKotlinCallImpl::getCallKind (5 bytes)
Event: 26.653 Thread 0x000001adaef4f000 nmethod 6702 0x000001ada0cf3c90 code [0x000001ada0cf3e40, 0x000001ada0cf3ef8]
Event: 26.653 Thread 0x000001adaef4f000 6703       1       org.jetbrains.kotlin.resolve.calls.model.KotlinCallKind::getResolutionSequence (5 bytes)
Event: 26.653 Thread 0x000001adaef4f000 nmethod 6703 0x000001ada0cf3f90 code [0x000001ada0cf4140, 0x000001ada0cf41f8]
Event: 26.653 Thread 0x000001adaef4f000 6704       3       org.jetbrains.kotlin.resolve.calls.model.ResolutionPart::workCount (8 bytes)
Event: 26.654 Thread 0x000001adaef4f000 nmethod 6704 0x000001ad9a4ccc10 code [0x000001ad9a4cce40, 0x000001ad9a4cd3b8]
Event: 26.655 Thread 0x000001adaef4f000 6705       3       org.jetbrains.kotlin.psi.KtElementImplStub::getParent (18 bytes)
Event: 26.657 Thread 0x000001adaef4f000 nmethod 6705 0x000001ad9a4cd610 code [0x000001ad9a4cd8a0, 0x000001ad9a4ce258]
Event: 26.657 Thread 0x000001adaef4f000 6706       3       org.jetbrains.kotlin.psi.psiUtil.KtPsiUtilKt::getParentSubstitute (25 bytes)
Event: 26.659 Thread 0x000001adaef4f000 nmethod 6706 0x000001ad9a4ce610 code [0x000001ad9a4ce960, 0x000001ad9a4cfb48]
Event: 26.660 Thread 0x000001adaef4f000 6707       3       org.jetbrains.kotlin.resolve.scopes.MemberScope$Companion::getALL_NAME_FILTER (4 bytes)
Event: 26.660 Thread 0x000001adaef4f000 nmethod 6707 0x000001ad9a4d0190 code [0x000001ad9a4d0340, 0x000001ad9a4d0458]
Event: 26.661 Thread 0x000001adaef4f000 6708       1       org.jetbrains.kotlin.load.java.lazy.descriptors.LazyJavaClassMemberScope::access$getJClass$p (5 bytes)
Event: 26.661 Thread 0x000001adaef4f000 nmethod 6708 0x000001ada0cf4290 code [0x000001ada0cf4440, 0x000001ada0cf44d8]
Event: 26.677 Thread 0x000001adaef4f000 6709       3       org.jetbrains.kotlin.resolve.lazy.descriptors.LazyClassMemberScope::generateFakeOverrides (429 bytes)

GC Heap History (14 events):
Event: 5.353 GC heap before
{Heap before GC invocations=0 (full 0):
 garbage-first heap   total 131072K, used 18432K [0x0000000081800000, 0x0000000100000000)
  region size 1024K, 14 young (14336K), 0 survivors (0K)
 Metaspace       used 9463K, capacity 9551K, committed 9856K, reserved 1058816K
  class space    used 782K, capacity 820K, committed 896K, reserved 1048576K
}
Event: 5.610 GC heap after
{Heap after GC invocations=1 (full 0):
 garbage-first heap   total 131072K, used 6315K [0x0000000081800000, 0x0000000100000000)
  region size 1024K, 2 young (2048K), 2 survivors (2048K)
 Metaspace       used 9463K, capacity 9551K, committed 9856K, reserved 1058816K
  class space    used 782K, capacity 820K, committed 896K, reserved 1048576K
}
Event: 10.567 GC heap before
{Heap before GC invocations=1 (full 0):
 garbage-first heap   total 131072K, used 54443K [0x0000000081800000, 0x0000000100000000)
  region size 1024K, 50 young (51200K), 2 survivors (2048K)
 Metaspace       used 20878K, capacity 21130K, committed 21296K, reserved 1069056K
  class space    used 2247K, capacity 2344K, committed 2432K, reserved 1048576K
}
Event: 10.603 GC heap after
{Heap after GC invocations=2 (full 0):
 garbage-first heap   total 131072K, used 10495K [0x0000000081800000, 0x0000000100000000)
  region size 1024K, 7 young (7168K), 7 survivors (7168K)
 Metaspace       used 20878K, capacity 21130K, committed 21296K, reserved 1069056K
  class space    used 2247K, capacity 2344K, committed 2432K, reserved 1048576K
}
Event: 13.559 GC heap before
{Heap before GC invocations=3 (full 0):
 garbage-first heap   total 131072K, used 67839K [0x0000000081800000, 0x0000000100000000)
  region size 1024K, 57 young (58368K), 7 survivors (7168K)
 Metaspace       used 32277K, capacity 32828K, committed 32944K, reserved 1079296K
  class space    used 3821K, capacity 4050K, committed 4096K, reserved 1048576K
}
Event: 13.600 GC heap after
{Heap after GC invocations=4 (full 0):
 garbage-first heap   total 131072K, used 23535K [0x0000000081800000, 0x0000000100000000)
  region size 1024K, 7 young (7168K), 7 survivors (7168K)
 Metaspace       used 32277K, capacity 32828K, committed 32944K, reserved 1079296K
  class space    used 3821K, capacity 4050K, committed 4096K, reserved 1048576K
}
Event: 14.504 GC heap before
{Heap before GC invocations=4 (full 0):
 garbage-first heap   total 131072K, used 38895K [0x0000000081800000, 0x0000000100000000)
  region size 1024K, 23 young (23552K), 7 survivors (7168K)
 Metaspace       used 35148K, capacity 35695K, committed 35920K, reserved 1081344K
  class space    used 4319K, capacity 4532K, committed 4608K, reserved 1048576K
}
Event: 14.549 GC heap after
{Heap after GC invocations=5 (full 0):
 garbage-first heap   total 131072K, used 24513K [0x0000000081800000, 0x0000000100000000)
  region size 1024K, 1 young (1024K), 1 survivors (1024K)
 Metaspace       used 35148K, capacity 35695K, committed 35920K, reserved 1081344K
  class space    used 4319K, capacity 4532K, committed 4608K, reserved 1048576K
}
Event: 17.803 GC heap before
{Heap before GC invocations=6 (full 0):
 garbage-first heap   total 131072K, used 80833K [0x0000000081800000, 0x0000000100000000)
  region size 1024K, 56 young (57344K), 1 survivors (1024K)
 Metaspace       used 46258K, capacity 46896K, committed 47184K, reserved 1091584K
  class space    used 5375K, capacity 5612K, committed 5632K, reserved 1048576K
}
Event: 17.836 GC heap after
{Heap after GC invocations=7 (full 0):
 garbage-first heap   total 169984K, used 27832K [0x0000000081800000, 0x0000000100000000)
  region size 1024K, 7 young (7168K), 7 survivors (7168K)
 Metaspace       used 46258K, capacity 46896K, committed 47184K, reserved 1091584K
  class space    used 5375K, capacity 5612K, committed 5632K, reserved 1048576K
}
Event: 21.170 GC heap before
{Heap before GC invocations=8 (full 0):
 garbage-first heap   total 169984K, used 92344K [0x0000000081800000, 0x0000000100000000)
  region size 1024K, 68 young (69632K), 7 survivors (7168K)
 Metaspace       used 53560K, capacity 54276K, committed 54480K, reserved 1097728K
  class space    used 6174K, capacity 6469K, committed 6528K, reserved 1048576K
}
Event: 21.215 GC heap after
{Heap after GC invocations=9 (full 0):
 garbage-first heap   total 169984K, used 40131K [0x0000000081800000, 0x0000000100000000)
  region size 1024K, 9 young (9216K), 9 survivors (9216K)
 Metaspace       used 53560K, capacity 54276K, committed 54480K, reserved 1097728K
  class space    used 6174K, capacity 6469K, committed 6528K, reserved 1048576K
}
Event: 25.316 GC heap before
{Heap before GC invocations=9 (full 0):
 garbage-first heap   total 169984K, used 113859K [0x0000000081800000, 0x0000000100000000)
  region size 1024K, 80 young (81920K), 9 survivors (9216K)
 Metaspace       used 58589K, capacity 59317K, committed 59600K, reserved 1101824K
  class space    used 6664K, capacity 6956K, committed 7040K, reserved 1048576K
}
Event: 25.363 GC heap after
{Heap after GC invocations=10 (full 0):
 garbage-first heap   total 169984K, used 48131K [0x0000000081800000, 0x0000000100000000)
  region size 1024K, 8 young (8192K), 8 survivors (8192K)
 Metaspace       used 58589K, capacity 59317K, committed 59600K, reserved 1101824K
  class space    used 6664K, capacity 6956K, committed 7040K, reserved 1048576K
}

Deoptimization events (20 events):
Event: 26.266 Thread 0x000001ad953dc800 Uncommon trap: trap_request=0xffffffc6 fr.pc=0x000001ada0ce1efc relative=0x00000000000010bc
Event: 26.267 Thread 0x000001ad953dc800 Uncommon trap: reason=bimorphic_or_optimized_type_check action=maybe_recompile pc=0x000001ada0ce1efc method=kotlin.collections.CollectionsKt___CollectionsKt.toSet(Ljava/lang/Iterable;)Ljava/util/Set; @ 71 c2
Event: 26.267 Thread 0x000001ad953dc800 DEOPT PACKING pc=0x000001ada0ce1efc sp=0x0000007f47ffd1a0
Event: 26.267 Thread 0x000001ad953dc800 DEOPT UNPACKING pc=0x000001ad98f3a1af sp=0x0000007f47ffd190 mode 2
Event: 26.273 Thread 0x000001ad953dc800 Uncommon trap: trap_request=0xffffffc6 fr.pc=0x000001ada0ce1efc relative=0x00000000000010bc
Event: 26.273 Thread 0x000001ad953dc800 Uncommon trap: reason=bimorphic_or_optimized_type_check action=maybe_recompile pc=0x000001ada0ce1efc method=kotlin.collections.CollectionsKt___CollectionsKt.toSet(Ljava/lang/Iterable;)Ljava/util/Set; @ 71 c2
Event: 26.273 Thread 0x000001ad953dc800 DEOPT PACKING pc=0x000001ada0ce1efc sp=0x0000007f47ffd1a0
Event: 26.273 Thread 0x000001ad953dc800 DEOPT UNPACKING pc=0x000001ad98f3a1af sp=0x0000007f47ffd190 mode 2
Event: 26.273 Thread 0x000001ad953dc800 Uncommon trap: trap_request=0xffffffc6 fr.pc=0x000001ada0ce1efc relative=0x00000000000010bc
Event: 26.273 Thread 0x000001ad953dc800 Uncommon trap: reason=bimorphic_or_optimized_type_check action=maybe_recompile pc=0x000001ada0ce1efc method=kotlin.collections.CollectionsKt___CollectionsKt.toSet(Ljava/lang/Iterable;)Ljava/util/Set; @ 71 c2
Event: 26.273 Thread 0x000001ad953dc800 DEOPT PACKING pc=0x000001ada0ce1efc sp=0x0000007f47ffd1a0
Event: 26.273 Thread 0x000001ad953dc800 DEOPT UNPACKING pc=0x000001ad98f3a1af sp=0x0000007f47ffd190 mode 2
Event: 26.274 Thread 0x000001ad953dc800 Uncommon trap: trap_request=0xffffffc6 fr.pc=0x000001ada0ce1efc relative=0x00000000000010bc
Event: 26.274 Thread 0x000001ad953dc800 Uncommon trap: reason=bimorphic_or_optimized_type_check action=maybe_recompile pc=0x000001ada0ce1efc method=kotlin.collections.CollectionsKt___CollectionsKt.toSet(Ljava/lang/Iterable;)Ljava/util/Set; @ 71 c2
Event: 26.274 Thread 0x000001ad953dc800 DEOPT PACKING pc=0x000001ada0ce1efc sp=0x0000007f47ffd1a0
Event: 26.274 Thread 0x000001ad953dc800 DEOPT UNPACKING pc=0x000001ad98f3a1af sp=0x0000007f47ffd190 mode 2
Event: 26.620 Thread 0x000001ad953dc800 Uncommon trap: trap_request=0xffffffcc fr.pc=0x000001ada0ce3fd8 relative=0x0000000000000318
Event: 26.620 Thread 0x000001ad953dc800 Uncommon trap: reason=intrinsic_or_type_checked_inlining action=make_not_entrant pc=0x000001ada0ce3fd8 method=java.util.ArrayList.toArray([Ljava/lang/Object;)[Ljava/lang/Object; @ 36 c2
Event: 26.621 Thread 0x000001ad953dc800 DEOPT PACKING pc=0x000001ada0ce3fd8 sp=0x0000007f47ffd6f0
Event: 26.621 Thread 0x000001ad953dc800 DEOPT UNPACKING pc=0x000001ad98f3a1af sp=0x0000007f47ffd6c0 mode 2

Classes redefined (0 events):
No events

Internal exceptions (20 events):
Event: 11.599 Thread 0x000001ad953dc800 Exception <a 'java/lang/NoSuchMethodError'{0x000000008853afe8}: 'java.lang.Object java.lang.invoke.DirectMethodHandle$Holder.invokeStatic(java.lang.Object, java.lang.Object, java.lang.Object, java.lang.Object, java.lang.Object, java.lang.Object, java.lang.Object, java.lang.Object, java.lang.Object, java.lang.Object, java.lang.Object, java.lang.Object, java.lang.Object, java.lang.Object, java.lang.Object, java.lang.Object)'> (0x000000008853afe8) thrown at [./src/hotspot/share/interpreter/linkResolver.cpp, l
Event: 11.602 Thread 0x000001ad953dc800 Exception <a 'java/lang/NoSuchMethodError'{0x0000000088548f00}: 'java.lang.Object java.lang.invoke.DirectMethodHandle$Holder.invokeSpecial(java.lang.Object, java.lang.Object, int, int, java.lang.Object, java.lang.Object, java.lang.Object)'> (0x0000000088548f00) thrown at [./src/hotspot/share/interpreter/linkResolver.cpp, line 773]
Event: 11.603 Thread 0x000001ad953dc800 Exception <a 'java/lang/NoSuchMethodError'{0x000000008854c738}: 'java.lang.Object java.lang.invoke.DelegatingMethodHandle$Holder.reinvoke_L(java.lang.Object, int, int, java.lang.Object, java.lang.Object, java.lang.Object)'> (0x000000008854c738) thrown at [./src/hotspot/share/interpreter/linkResolver.cpp, line 773]
Event: 11.605 Thread 0x000001ad953dc800 Exception <a 'java/lang/NoSuchMethodError'{0x0000000088550ac0}: 'java.lang.Object java.lang.invoke.DirectMethodHandle$Holder.invokeStatic(java.lang.Object, java.lang.Object, java.lang.Object, java.lang.Object, int)'> (0x0000000088550ac0) thrown at [./src/hotspot/share/interpreter/linkResolver.cpp, line 773]
Event: 11.711 Thread 0x000001ad953dc800 Exception <a 'java/lang/NoSuchMethodError'{0x00000000884764e0}: 'void java.lang.invoke.DirectMethodHandle$Holder.invokeStatic(java.lang.Object, java.lang.Object, java.lang.Object, java.lang.Object)'> (0x00000000884764e0) thrown at [./src/hotspot/share/interpreter/linkResolver.cpp, line 773]
Event: 11.871 Thread 0x000001ad953dc800 Exception <a 'java/lang/NoSuchMethodError'{0x0000000088051808}: 'void java.lang.invoke.DirectMethodHandle$Holder.invokeStaticInit(java.lang.Object, java.lang.Object)'> (0x0000000088051808) thrown at [./src/hotspot/share/interpreter/linkResolver.cpp, line 773]
Event: 12.085 Thread 0x000001ad953dc800 Exception <a 'java/lang/NoSuchMethodError'{0x0000000087cf7788}: 'void java.lang.invoke.DirectMethodHandle$Holder.invokeVirtual(java.lang.Object, java.lang.Object)'> (0x0000000087cf7788) thrown at [./src/hotspot/share/interpreter/linkResolver.cpp, line 773]
Event: 12.100 Thread 0x000001ad953dc800 Exception <a 'java/lang/NoSuchMethodError'{0x0000000087b497f0}: 'int java.lang.invoke.DirectMethodHandle$Holder.invokeVirtual(java.lang.Object, java.lang.Object)'> (0x0000000087b497f0) thrown at [./src/hotspot/share/interpreter/linkResolver.cpp, line 773]
Event: 15.052 Thread 0x000001ad953dc800 Exception <a 'java/lang/NoSuchMethodError'{0x0000000088c78020}: 'java.lang.Object java.lang.invoke.DirectMethodHandle$Holder.invokeVirtual(java.lang.Object, java.lang.Object, java.lang.Object)'> (0x0000000088c78020) thrown at [./src/hotspot/share/interpreter/linkResolver.cpp, line 773]
Event: 17.058 Thread 0x000001ad953dc800 Exception <a 'java/lang/NoSuchMethodError'{0x00000000863b7768}: 'java.lang.Object java.lang.invoke.Invokers$Holder.linkToTargetMethod(java.lang.Object, int, java.lang.Object)'> (0x00000000863b7768) thrown at [./src/hotspot/share/interpreter/linkResolver.cpp, line 773]
Event: 18.636 Thread 0x000001ad953dc800 Exception <a 'java/lang/NoSuchMethodError'{0x000000008b014c00}: 'java.lang.Object java.lang.invoke.DirectMethodHandle$Holder.invokeStatic(java.lang.Object, java.lang.Object, java.lang.Object, int)'> (0x000000008b014c00) thrown at [./src/hotspot/share/interpreter/linkResolver.cpp, line 773]
Event: 18.637 Thread 0x000001ad953dc800 Exception <a 'java/lang/NoSuchMethodError'{0x000000008b018870}: 'java.lang.Object java.lang.invoke.DirectMethodHandle$Holder.invokeSpecial(java.lang.Object, java.lang.Object, java.lang.Object, java.lang.Object, int)'> (0x000000008b018870) thrown at [./src/hotspot/share/interpreter/linkResolver.cpp, line 773]
Event: 18.637 Thread 0x000001ad953dc800 Exception <a 'java/lang/NoSuchMethodError'{0x000000008b01bb80}: 'java.lang.Object java.lang.invoke.Invokers$Holder.linkToTargetMethod(java.lang.Object, java.lang.Object, int, java.lang.Object)'> (0x000000008b01bb80) thrown at [./src/hotspot/share/interpreter/linkResolver.cpp, line 773]
Event: 19.111 Thread 0x000001ad953dc800 Implicit null exception at 0x000001ada0b5b323 to 0x000001ada0b5fa44
Event: 21.522 Thread 0x000001ad953dc800 Exception <a 'java/lang/NoSuchMethodError'{0x000000008bb7fd78}: 'java.lang.Object java.lang.invoke.DirectMethodHandle$Holder.invokeSpecial(java.lang.Object, java.lang.Object, java.lang.Object, java.lang.Object, java.lang.Object, int)'> (0x000000008bb7fd78) thrown at [./src/hotspot/share/interpreter/linkResolver.cpp, line 773]
Event: 21.522 Thread 0x000001ad953dc800 Exception <a 'java/lang/NoSuchMethodError'{0x000000008bb83918}: 'java.lang.Object java.lang.invoke.Invokers$Holder.linkToTargetMethod(java.lang.Object, java.lang.Object, java.lang.Object, int, java.lang.Object)'> (0x000000008bb83918) thrown at [./src/hotspot/share/interpreter/linkResolver.cpp, line 773]
Event: 22.472 Thread 0x000001ad953dc800 Implicit null exception at 0x000001ada0c1112f to 0x000001ada0c1115c
Event: 22.967 Thread 0x000001ad953dc800 Exception <a 'java/lang/NoSuchMethodError'{0x0000000088edc308}: 'java.lang.Object java.lang.invoke.DirectMethodHandle$Holder.invokeStaticInit(java.lang.Object, java.lang.Object, java.lang.Object)'> (0x0000000088edc308) thrown at [./src/hotspot/share/interpreter/linkResolver.cpp, line 773]
Event: 25.840 Thread 0x000001ad953dc800 Exception <a 'java/lang/NoSuchMethodError'{0x000000008b71a580}: 'java.lang.Object java.lang.invoke.DirectMethodHandle$Holder.invokeStatic(java.lang.Object, int, java.lang.Object, java.lang.Object)'> (0x000000008b71a580) thrown at [./src/hotspot/share/interpreter/linkResolver.cpp, line 773]
Event: 25.843 Thread 0x000001ad953dc800 Exception <a 'java/lang/NoSuchMethodError'{0x000000008b724c68}: 'int java.lang.invoke.DirectMethodHandle$Holder.invokeInterface(java.lang.Object, java.lang.Object)'> (0x000000008b724c68) thrown at [./src/hotspot/share/interpreter/linkResolver.cpp, line 773]

Events (20 events):
Event: 26.613 loading class org/jetbrains/kotlin/resolve/FunctionDescriptorUtil$1
Event: 26.613 loading class org/jetbrains/kotlin/resolve/FunctionDescriptorUtil$1 done
Event: 26.614 loading class org/jetbrains/kotlin/descriptors/FunctionDescriptor
Event: 26.614 loading class org/jetbrains/kotlin/descriptors/FunctionDescriptor done
Event: 26.614 loading class org/jetbrains/kotlin/resolve/scopes/LexicalScopeImpl$InitializeHandler
Event: 26.614 loading class org/jetbrains/kotlin/resolve/scopes/LexicalScopeImpl$InitializeHandler done
Event: 26.614 loading class org/jetbrains/kotlin/descriptors/FunctionDescriptor
Event: 26.614 loading class org/jetbrains/kotlin/descriptors/FunctionDescriptor done
Event: 26.616 loading class org/jetbrains/kotlin/resolve/calls/util/CallMaker$1
Event: 26.616 loading class org/jetbrains/kotlin/resolve/calls/util/CallMaker$1 done
Event: 26.622 loading class org/jetbrains/kotlin/resolve/calls/components/ArgumentsUtilsKt$isActualParameterWithCorrespondingExpectedDefault$1
Event: 26.622 loading class org/jetbrains/kotlin/resolve/calls/components/ArgumentsUtilsKt$isActualParameterWithCorrespondingExpectedDefault$1 done
Event: 26.622 loading class org/jetbrains/kotlin/resolve/calls/model/NoValueForParameter
Event: 26.622 loading class org/jetbrains/kotlin/resolve/calls/model/NoValueForParameter done
Event: 26.623 loading class org/jetbrains/kotlin/resolve/calls/model/KotlinCallDiagnostic
Event: 26.623 loading class org/jetbrains/kotlin/resolve/calls/model/KotlinCallDiagnostic done
Event: 26.626 loading class org/jetbrains/kotlin/resolve/calls/tower/NewAbstractResolvedCall$getDataFlowInfoForArguments$1
Event: 26.626 loading class org/jetbrains/kotlin/resolve/calls/tower/NewAbstractResolvedCall$getDataFlowInfoForArguments$1 done
Event: 26.626 loading class org/jetbrains/kotlin/types/expressions/typeInfoFactory/TypeInfoFactoryKt
Event: 26.626 loading class org/jetbrains/kotlin/types/expressions/typeInfoFactory/TypeInfoFactoryKt done


Dynamic libraries:
0x00007ff69f3d0000 - 0x00007ff69f3da000 	C:\Program Files\Android\Android Studio\jre\bin\java.exe
0x00007ffacbfe0000 - 0x00007ffacc1d0000 	C:\WINDOWS\SYSTEM32\ntdll.dll
0x00007ffacb7a0000 - 0x00007ffacb852000 	C:\WINDOWS\System32\KERNEL32.DLL
0x00007ffac9080000 - 0x00007ffac9325000 	C:\WINDOWS\System32\KERNELBASE.dll
0x00007ffac93d0000 - 0x00007ffac94ca000 	C:\WINDOWS\System32\ucrtbase.dll
0x00007ffac56d0000 - 0x00007ffac56e9000 	C:\Program Files\Android\Android Studio\jre\bin\jli.dll
0x00007ffacb100000 - 0x00007ffacb294000 	C:\WINDOWS\System32\USER32.dll
0x00007ffac9050000 - 0x00007ffac9071000 	C:\WINDOWS\System32\win32u.dll
0x00007ffaca100000 - 0x00007ffaca126000 	C:\WINDOWS\System32\GDI32.dll
0x00007ffac94d0000 - 0x00007ffac9668000 	C:\WINDOWS\System32\gdi32full.dll
0x00007ffac9330000 - 0x00007ffac93ce000 	C:\WINDOWS\System32\msvcp_win.dll
0x00007ffabccb0000 - 0x00007ffabccc7000 	C:\Program Files\Android\Android Studio\jre\bin\VCRUNTIME140.dll
0x00007ffaaee30000 - 0x00007ffaaf0b4000 	C:\WINDOWS\WinSxS\amd64_microsoft.windows.common-controls_6595b64144ccf1df_6.0.18362.2274_none_9e8067a5e45c3d75\COMCTL32.dll
0x00007ffaca850000 - 0x00007ffaca8ee000 	C:\WINDOWS\System32\msvcrt.dll
0x00007ffacb460000 - 0x00007ffacb796000 	C:\WINDOWS\System32\combase.dll
0x00007ffacafe0000 - 0x00007ffacb0fb000 	C:\WINDOWS\System32\RPCRT4.dll
0x00007ffac9670000 - 0x00007ffac96f4000 	C:\WINDOWS\System32\bcryptPrimitives.dll
0x00007ffacbac0000 - 0x00007ffacbaee000 	C:\WINDOWS\System32\IMM32.DLL
0x00007ffa973f0000 - 0x00007ffa9748d000 	C:\Program Files\Android\Android Studio\jre\bin\msvcp140.dll
0x00007ffa4dfd0000 - 0x00007ffa4ead2000 	C:\Program Files\Android\Android Studio\jre\bin\server\jvm.dll
0x00007ffaca600000 - 0x00007ffaca6a5000 	C:\WINDOWS\System32\ADVAPI32.dll
0x00007ffacb860000 - 0x00007ffacb8f8000 	C:\WINDOWS\System32\sechost.dll
0x00007ffacbf90000 - 0x00007ffacbf98000 	C:\WINDOWS\System32\PSAPI.DLL
0x00007ffab2720000 - 0x00007ffab2729000 	C:\WINDOWS\SYSTEM32\WSOCK32.dll
0x00007ffaca580000 - 0x00007ffaca5ef000 	C:\WINDOWS\System32\WS2_32.dll
0x00007ffac5b70000 - 0x00007ffac5b94000 	C:\WINDOWS\SYSTEM32\WINMM.dll
0x00007ffabd450000 - 0x00007ffabd45a000 	C:\WINDOWS\SYSTEM32\VERSION.dll
0x00007ffac5b40000 - 0x00007ffac5b6d000 	C:\WINDOWS\SYSTEM32\WINMMBASE.dll
0x00007ffac8fd0000 - 0x00007ffac901a000 	C:\WINDOWS\System32\cfgmgr32.dll
0x00007ffac8f20000 - 0x00007ffac8f31000 	C:\WINDOWS\System32\kernel.appcore.dll
0x00007ffabbe50000 - 0x00007ffabbe61000 	C:\Program Files\Android\Android Studio\jre\bin\verify.dll
0x00007ffab9390000 - 0x00007ffab9584000 	C:\WINDOWS\SYSTEM32\DBGHELP.DLL
0x00007ffab90b0000 - 0x00007ffab90da000 	C:\WINDOWS\SYSTEM32\dbgcore.DLL
0x00007ffabbd50000 - 0x00007ffabbd79000 	C:\Program Files\Android\Android Studio\jre\bin\java.dll
0x00007ffac56b0000 - 0x00007ffac56bb000 	C:\Program Files\Android\Android Studio\jre\bin\jimage.dll
0x00007ffabbd30000 - 0x00007ffabbd48000 	C:\Program Files\Android\Android Studio\jre\bin\zip.dll
0x00007ffaca8f0000 - 0x00007ffacafd7000 	C:\WINDOWS\System32\SHELL32.dll
0x00007ffaca4d0000 - 0x00007ffaca579000 	C:\WINDOWS\System32\shcore.dll
0x00007ffac9700000 - 0x00007ffac9e7c000 	C:\WINDOWS\System32\windows.storage.dll
0x00007ffac8fb0000 - 0x00007ffac8fce000 	C:\WINDOWS\System32\profapi.dll
0x00007ffac8f60000 - 0x00007ffac8faa000 	C:\WINDOWS\System32\powrprof.dll
0x00007ffac8f10000 - 0x00007ffac8f20000 	C:\WINDOWS\System32\UMPDC.dll
0x00007ffaca3c0000 - 0x00007ffaca412000 	C:\WINDOWS\System32\shlwapi.dll
0x00007ffac9f30000 - 0x00007ffac9f47000 	C:\WINDOWS\System32\cryptsp.dll
0x00007ffaba4d0000 - 0x00007ffaba4ea000 	C:\Program Files\Android\Android Studio\jre\bin\net.dll
0x00007ffac07e0000 - 0x00007ffac08d9000 	C:\WINDOWS\SYSTEM32\WINHTTP.dll
0x00007ffac8700000 - 0x00007ffac8767000 	C:\WINDOWS\system32\mswsock.dll
0x00007ffab1380000 - 0x00007ffab1394000 	C:\Program Files\Android\Android Studio\jre\bin\nio.dll

dbghelp: loaded successfully - version: 4.0.5 - missing functions: none
symbol engine: initialized successfully - sym options: 0x614 - pdb path: .;C:\Program Files\Android\Android Studio\jre\bin;C:\WINDOWS\SYSTEM32;C:\WINDOWS\WinSxS\amd64_microsoft.windows.common-controls_6595b64144ccf1df_6.0.18362.2274_none_9e8067a5e45c3d75;C:\Program Files\Android\Android Studio\jre\bin\server

VM Arguments:
java_command: org.jetbrains.kotlin.cli.jvm.K2JVMCompiler @C:\Androids\sol\app\build\20230411_7213774238922976509.compiler.options
java_class_path (initial): C:\Users\user\.gradle\caches\modules-2\files-2.1\org.jetbrains.kotlin\kotlin-compiler-embeddable\1.8.10\b0757fd774344d54ce93f5ad6c30ba1c1731c8ff\kotlin-compiler-embeddable-1.8.10.jar;C:\Users\user\.gradle\caches\modules-2\files-2.1\org.jetbrains.kotlin\kotlin-stdlib\1.8.10\6d5560a229477df9406943d5feda5618e98eb64c\kotlin-stdlib-1.8.10.jar;C:\Users\user\.gradle\caches\modules-2\files-2.1\org.jetbrains.kotlin\kotlin-script-runtime\1.8.10\b13ea9c7e46d589139e56086a878763290e20bd5\kotlin-script-runtime-1.8.10.jar;C:\Users\user\.gradle\caches\modules-2\files-2.1\org.jetbrains.kotlin\kotlin-reflect\1.6.10\1cbe9c92c12a94eea200d23c2bbaedaf3daf5132\kotlin-reflect-1.6.10.jar;C:\Users\user\.gradle\caches\modules-2\files-2.1\org.jetbrains.kotlin\kotlin-daemon-embeddable\1.8.10\ad8541d9bc1cf9e52c3204161247910c2cf601d4\kotlin-daemon-embeddable-1.8.10.jar;C:\Users\user\.gradle\caches\modules-2\files-2.1\org.jetbrains.intellij.deps\trove4j\1.0.20200330\3afb14d5f9ceb459d724e907a21145e8ff394f02\trove4j-1.0.20200330.jar;C:\Users\user\.gradle\caches\modules-2\files-2.1\net.java.dev.jna\jna\5.6.0\330f2244e9030119ab3030fc3fededc86713d9cc\jna-5.6.0.jar;C:\Users\user\.gradle\caches\modules-2\files-2.1\org.jetbrains.kotlin\kotlin-stdlib-common\1.8.10\a61b182458550492c12aee66157d7b524a63a5ec\kotlin-stdlib-common-1.8.10.jar;C:\Users\user\.gradle\caches\modules-2\files-2.1\org.jetbrains\annotations\13.0\919f0dfe192fb4e063e7dacadee7f8bb9a2672a9\annotations-13.0.jar
Launcher Type: SUN_STANDARD

[Global flags]
     intx CICompilerCount                          = 3                                         {product} {ergonomic}
     uint ConcGCThreads                            = 1                                         {product} {ergonomic}
     uint G1ConcRefinementThreads                  = 4                                         {product} {ergonomic}
   size_t G1HeapRegionSize                         = 1048576                                   {product} {ergonomic}
    uintx GCDrainStackTargetSize                   = 64                                        {product} {ergonomic}
   size_t InitialHeapSize                          = 134217728                                 {product} {ergonomic}
   size_t MarkStackSize                            = 4194304                                   {product} {ergonomic}
   size_t MaxHeapSize                              = 2122317824                                {product} {ergonomic}
   size_t MaxNewSize                               = 1272971264                                {product} {ergonomic}
   size_t MinHeapDeltaBytes                        = 1048576                                   {product} {ergonomic}
    uintx NonNMethodCodeHeapSize                   = 5830732                                {pd product} {ergonomic}
    uintx NonProfiledCodeHeapSize                  = 122913754                              {pd product} {ergonomic}
    uintx ProfiledCodeHeapSize                     = 122913754                              {pd product} {ergonomic}
    uintx ReservedCodeCacheSize                    = 251658240                              {pd product} {ergonomic}
     bool SegmentedCodeCache                       = true                                      {product} {ergonomic}
     bool UseCompressedClassPointers               = true                                 {lp64_product} {ergonomic}
     bool UseCompressedOops                        = true                                 {lp64_product} {ergonomic}
     bool UseG1GC                                  = true                                      {product} {ergonomic}
     bool UseLargePagesIndividualAllocation        = false                                  {pd product} {ergonomic}

Logging:
Log output configuration:
 #0: stdout all=warning uptime,level,tags
 #1: stderr all=off uptime,level,tags

Environment Variables:
JAVA_HOME=C:\PROGRA~1\Java\JDK18~1.0_2
PATH=C:\Program Files\Common Files\Oracle\Java\javapath;C:\Program Files (x86)\Common Files\Oracle\Java\javapath;C:\ProgramData\Oracle\Java\javapath;C:\WINDOWS\system32;C:\WINDOWS;C:\WINDOWS\System32\Wbem;C:\WINDOWS\System32\WindowsPowerShell\v1.0\;C:\xampp\php;C:\ProgramData\ComposerSetup\bin;C:\Program Files\Git\cmd;C:\Gradle\bin;C:\FPC\3.0.4\bin\i386-Win32;D:\src\flutter\bin;C:\Users\user\AppData\Local\Android\Sdk\platform-tools;C:\Users\user\AppData\Local\Android\Sdk\emulator;C:\Users\user\AppData\Local\Android\Sdk\tools\bin;C:\WINDOWS\System32\OpenSSH\;C:\Program Files\CMake\bin;C:\Program Files\Java\jdk1.8.0_231\bin;C:\Program Files\MongoDB\Server\4.4\bin;C:\Program Files\PuTTY\;C:\Program Files\Git\bin;C:\solana-release\bin;C:\Program Files\PostgreSQL\14\bin;C:\Program Files\Kubernetes\Minikube;C:\symfony;C:\activemq\bin;C:\Program Files\Git\usr\bin;C:\Program Files\nodejs\;C:\Program Files\Go\bin;C:\Program Files\Docker\Docker\resources\bin;C:\Users\user\.local\share\solana\install\active_release\bin;C:\Users\user\AppData\Local\Programs\Python\Python38\Scripts\;C:\Users\user\AppData\Local\Programs\Python\Python38\;C:\Users\user\AppData\Roaming\Composer\vendor\bin;C:\FPC\3.0.4\bin;C:\Program Files\Geth;C:\flutter\flutter\bin;C:\flutter\flutter\bin\cache\dart-sdk\bin;C:\Users\user\AppData\Local\Microsoft\WindowsApps;C:\Program Files\Java\jre1.8.0_241\bin;C:\Program Files\heroku\bin;C:\Program Files\JetBrains\PyCharm Community Edition 2019.3.2\bin;C:\Users\user\AppData\Local\Programs\Microsoft VS Code\bin;C:\Users\user\AppData\Roaming\npm;C:\Users\user\go\bin
USERNAME=user
OS=Windows_NT
PROCESSOR_IDENTIFIER=Intel64 Family 6 Model 69 Stepping 1, GenuineIntel



---------------  S Y S T E M  ---------------

OS: Windows 10 , 64 bit Build 18362 (10.0.18362.2274)
OS uptime: 0 days 10:59 hours
Hyper-V role detected

CPU:total 4 (initial active 4) (2 cores per cpu, 2 threads per core) family 6 model 69 stepping 1 microcode 0x26, cmov, cx8, fxsr, mmx, sse, sse2, sse3, ssse3, sse4.1, sse4.2, popcnt, avx, avx2, aes, clmul, erms, lzcnt, ht, tsc, tscinvbit, bmi1, bmi2, fma

Memory: 4k page, system-wide physical 8089M (743M free)
TotalPageFile size 10314M (AvailPageFile size 5M)
current process WorkingSet (physical memory assigned to process): 326M, peak: 326M
current process commit charge ("private bytes"): 380M, peak: 381M

vm_info: OpenJDK 64-Bit Server VM (11.0.13+0-b1751.21-8125866) for windows-amd64 JRE (11.0.13+0-b1751.21-8125866), built on Feb  2 2022 03:00:22 by "builder" with MS VC++ 14.0 (VS2015)

END.
